<?xml version="1.0" encoding="UTF-8"?>
<!-- Generated by org.testng.reporters.JUnitReportReporter -->
<testsuite skipped="0" hostname="LAPTOP-O4I02FC2" name="firstTestNg.Try" tests="1" failures="0" timestamp="2021-01-19T18:13:25 CST" time="18.039" errors="0">
  <testcase name="init" time="18.039" classname="firstTestNg.Try"/>
  <system-out/>
</testsuite> <!-- firstTestNg.Try -->
